2023-10-04 07:54:37,318 [Worker-8: Loading available Gradle versions] INFO  o.e.b.c.i.u.g.PublishedGradleVersions - Gradle version information cache is up-to-date. Trying to read.
2023-10-04 18:05:25,966 [Worker-1: Loading available Gradle versions] INFO  o.e.b.c.i.u.g.PublishedGradleVersions - Gradle version information cache is up-to-date. Trying to read.
2023-10-04 18:05:58,902 [Worker-1: Loading available Gradle versions] INFO  o.e.b.c.i.u.g.PublishedGradleVersions - Gradle version information cache is up-to-date. Trying to read.
2023-10-04 18:08:38,443 [Worker-2: Update Maven projects configuration] INFO  o.e.m.c.i.p.ProjectConfigurationManager - Update started
2023-10-04 18:08:40,312 [Worker-2: Update Maven projects configuration] INFO  o.e.m.c.i.l.LifecycleMappingFactory - Using org.eclipse.m2e.jdt.JarLifecycleMapping lifecycle mapping for MavenProject: com.br.4fit:4fit:0.0.1-SNAPSHOT @ C:\Users\USUARIO\Desktop\CURSO EM VÍDEO\4Fit-TCC\Clone-TCC-4Fit\4fit\pom.xml.
2023-10-04 18:08:43,005 [Worker-2: Update Maven projects configuration] INFO  o.e.m.j.i.AbstractJavaProjectConfigurator - Adding source folder /4fit/src/main/java
2023-10-04 18:08:43,006 [Worker-2: Update Maven projects configuration] INFO  o.e.m.j.i.AbstractJavaProjectConfigurator - Adding resource folder /4fit/src/main/resources
2023-10-04 18:08:43,041 [Worker-2: Update Maven projects configuration] INFO  o.e.m.j.i.AbstractJavaProjectConfigurator - Adding resource folder /4fit/src/main/resources
2023-10-04 18:08:43,056 [Worker-2: Update Maven projects configuration] INFO  o.e.m.j.i.AbstractJavaProjectConfigurator - Adding source folder /4fit/src/test/java
2023-10-04 18:08:52,952 [Worker-2: Update Maven projects configuration] INFO  o.e.m.c.i.p.ProjectConfigurationManager - Update completed for 1 poms: local refresh takes 0,00 sec, refresh facades takes 3,00 sec, update config takes 10,00 sec 
2023-10-04 18:13:49,745 [Worker-8: Loading available Gradle versions] INFO  o.e.b.c.i.u.g.PublishedGradleVersions - Gradle version information cache is up-to-date. Trying to read.
2023-10-04 18:14:41,101 [Worker-2: Loading available Gradle versions] INFO  o.e.b.c.i.u.g.PublishedGradleVersions - Gradle version information cache is up-to-date. Trying to read.
2023-10-04 18:20:14,431 [Worker-6: Loading available Gradle versions] INFO  o.e.b.c.i.u.g.PublishedGradleVersions - Gradle version information cache is up-to-date. Trying to read.
2023-10-04 18:22:49,961 [Worker-9: Updating Maven Dependencies] INFO  o.e.m.c.i.l.LifecycleMappingFactory - Using org.eclipse.m2e.jdt.JarLifecycleMapping lifecycle mapping for MavenProject: com.br.4fit:4fit:0.0.1-SNAPSHOT @ C:\Users\USUARIO\Desktop\CURSO EM VÍDEO\4Fit-TCC\Clone-TCC-4Fit\4fit\pom.xml.
2023-10-04 18:22:53,407 [Worker-10: Building] INFO  o.a.m.s.f.DefaultMavenResourcesFiltering - Copying 3 resources from src\main\resources to target\classes
2023-10-04 18:22:53,449 [Worker-10: Building] INFO  o.a.m.s.f.DefaultMavenResourcesFiltering - Copying 0 resource from src\main\resources to target\classes
2023-10-04 18:22:53,455 [Worker-10: Building] INFO  o.a.m.s.f.DefaultMavenResourcesFiltering - skip non existing resourceDirectory C:\Users\USUARIO\Desktop\CURSO EM VÍDEO\4Fit-TCC\Clone-TCC-4Fit\4fit\src\test\resources
2023-10-04 18:24:54,299 [Worker-6: Update Maven projects configuration] INFO  o.e.m.c.i.p.ProjectConfigurationManager - Update started
2023-10-04 18:24:54,628 [Worker-6: Update Maven projects configuration] INFO  o.e.m.c.i.l.LifecycleMappingFactory - Using org.eclipse.m2e.jdt.JarLifecycleMapping lifecycle mapping for MavenProject: br.com.hackfiapalura:grupoong:0.0.1-SNAPSHOT @ C:\Users\USUARIO\Desktop\CURSO EM VÍDEO\Hack_FIAPeAlura\grupoong2\pom.xml.
2023-10-04 18:24:55,472 [Worker-6: Update Maven projects configuration] INFO  o.e.m.j.i.AbstractJavaProjectConfigurator - Adding source folder /grupoong2/src/main/java
2023-10-04 18:24:55,473 [Worker-6: Update Maven projects configuration] INFO  o.e.m.j.i.AbstractJavaProjectConfigurator - Adding resource folder /grupoong2/src/main/resources
2023-10-04 18:24:55,480 [Worker-6: Update Maven projects configuration] INFO  o.e.m.j.i.AbstractJavaProjectConfigurator - Adding resource folder /grupoong2/src/main/resources
2023-10-04 18:24:55,492 [Worker-6: Update Maven projects configuration] INFO  o.e.m.j.i.AbstractJavaProjectConfigurator - Adding source folder /grupoong2/src/test/java
2023-10-04 18:24:58,665 [Worker-6: Update Maven projects configuration] INFO  o.e.m.c.i.p.ProjectConfigurationManager - Update completed for 1 poms: local refresh takes 0,00 sec, refresh facades takes 0,00 sec, update config takes 3,00 sec 
2023-10-04 19:04:40,652 [Worker-32: Building] INFO  o.e.m.c.i.l.LifecycleMappingFactory - Using org.eclipse.m2e.jdt.JarLifecycleMapping lifecycle mapping for MavenProject: br.com.hackfiapalura:grupoong:0.0.1-SNAPSHOT @ C:\Users\USUARIO\Desktop\CURSO EM VÍDEO\Hack_FIAPeAlura\grupoong2\pom.xml.
2023-10-04 19:04:41,415 [Worker-32: Building] INFO  o.a.m.s.f.DefaultMavenResourcesFiltering - Copying 0 resource from src\main\resources to target\classes
2023-10-04 19:04:41,415 [Worker-32: Building] INFO  o.a.m.s.f.DefaultMavenResourcesFiltering - Copying 0 resource from src\main\resources to target\classes
2023-10-04 19:04:41,420 [Worker-32: Building] INFO  o.a.m.s.f.DefaultMavenResourcesFiltering - skip non existing resourceDirectory C:\Users\USUARIO\Desktop\CURSO EM VÍDEO\Hack_FIAPeAlura\grupoong2\src\test\resources
2023-10-04 19:04:42,707 [Worker-28: Building] INFO  o.a.m.s.f.DefaultMavenResourcesFiltering - Copying 1 resource from src\main\resources to target\classes
2023-10-04 19:04:42,732 [Worker-28: Building] INFO  o.a.m.s.f.DefaultMavenResourcesFiltering - Copying 0 resource from src\main\resources to target\classes
2023-10-04 19:04:42,736 [Worker-28: Building] INFO  o.a.m.s.f.DefaultMavenResourcesFiltering - skip non existing resourceDirectory C:\Users\USUARIO\Desktop\CURSO EM VÍDEO\Hack_FIAPeAlura\grupoong2\src\test\resources
2023-10-04 19:04:48,990 [Worker-32: Launching grupoong2 - GrupoongApplication] INFO  o.a.m.s.f.DefaultMavenResourcesFiltering - Copying 1 resource from src\main\resources to target\classes
2023-10-04 19:04:49,003 [Worker-32: Launching grupoong2 - GrupoongApplication] INFO  o.a.m.s.f.DefaultMavenResourcesFiltering - Copying 0 resource from src\main\resources to target\classes
2023-10-04 19:04:49,006 [Worker-32: Launching grupoong2 - GrupoongApplication] INFO  o.a.m.s.f.DefaultMavenResourcesFiltering - skip non existing resourceDirectory C:\Users\USUARIO\Desktop\CURSO EM VÍDEO\Hack_FIAPeAlura\grupoong2\src\test\resources
2023-10-04 19:05:59,275 [Worker-29: Building] INFO  o.a.m.s.f.DefaultMavenResourcesFiltering - Copying 1 resource from src\main\resources to target\classes
2023-10-04 19:05:59,286 [Worker-29: Building] INFO  o.a.m.s.f.DefaultMavenResourcesFiltering - Copying 0 resource from src\main\resources to target\classes
2023-10-04 19:05:59,290 [Worker-29: Building] INFO  o.a.m.s.f.DefaultMavenResourcesFiltering - skip non existing resourceDirectory C:\Users\USUARIO\Desktop\CURSO EM VÍDEO\Hack_FIAPeAlura\grupoong2\src\test\resources
2023-10-04 19:06:22,693 [Worker-34: Building] INFO  o.a.m.s.f.DefaultMavenResourcesFiltering - Copying 1 resource from src\main\resources to target\classes
2023-10-04 19:06:22,701 [Worker-34: Building] INFO  o.a.m.s.f.DefaultMavenResourcesFiltering - Copying 0 resource from src\main\resources to target\classes
2023-10-04 19:06:22,704 [Worker-34: Building] INFO  o.a.m.s.f.DefaultMavenResourcesFiltering - skip non existing resourceDirectory C:\Users\USUARIO\Desktop\CURSO EM VÍDEO\Hack_FIAPeAlura\grupoong2\src\test\resources
2023-10-04 19:08:53,964 [Worker-30: Building] INFO  o.a.m.s.f.DefaultMavenResourcesFiltering - Copying 1 resource from src\main\resources to target\classes
2023-10-04 19:08:53,971 [Worker-30: Building] INFO  o.a.m.s.f.DefaultMavenResourcesFiltering - Copying 0 resource from src\main\resources to target\classes
2023-10-04 19:08:53,974 [Worker-30: Building] INFO  o.a.m.s.f.DefaultMavenResourcesFiltering - skip non existing resourceDirectory C:\Users\USUARIO\Desktop\CURSO EM VÍDEO\Hack_FIAPeAlura\grupoong2\src\test\resources
2023-10-04 19:13:25,620 [Worker-33: Building] INFO  o.a.m.s.f.DefaultMavenResourcesFiltering - Copying 1 resource from src\main\resources to target\classes
2023-10-04 19:13:25,630 [Worker-33: Building] INFO  o.a.m.s.f.DefaultMavenResourcesFiltering - Copying 0 resource from src\main\resources to target\classes
2023-10-04 19:13:25,633 [Worker-33: Building] INFO  o.a.m.s.f.DefaultMavenResourcesFiltering - skip non existing resourceDirectory C:\Users\USUARIO\Desktop\CURSO EM VÍDEO\Hack_FIAPeAlura\grupoong2\src\test\resources
2023-10-04 19:17:01,355 [Worker-33: Building] INFO  o.a.m.s.f.DefaultMavenResourcesFiltering - Copying 1 resource from src\main\resources to target\classes
2023-10-04 19:17:01,362 [Worker-33: Building] INFO  o.a.m.s.f.DefaultMavenResourcesFiltering - Copying 0 resource from src\main\resources to target\classes
2023-10-04 19:17:01,366 [Worker-33: Building] INFO  o.a.m.s.f.DefaultMavenResourcesFiltering - skip non existing resourceDirectory C:\Users\USUARIO\Desktop\CURSO EM VÍDEO\Hack_FIAPeAlura\grupoong2\src\test\resources
2023-10-04 19:18:28,484 [Worker-35: Building] INFO  o.a.m.s.f.DefaultMavenResourcesFiltering - Copying 1 resource from src\main\resources to target\classes
2023-10-04 19:18:28,494 [Worker-35: Building] INFO  o.a.m.s.f.DefaultMavenResourcesFiltering - Copying 0 resource from src\main\resources to target\classes
2023-10-04 19:18:28,498 [Worker-35: Building] INFO  o.a.m.s.f.DefaultMavenResourcesFiltering - skip non existing resourceDirectory C:\Users\USUARIO\Desktop\CURSO EM VÍDEO\Hack_FIAPeAlura\grupoong2\src\test\resources
